2016-03-20 22:27:11 [main:0] - [DEBUG] SpringJUnit4ClassRunner constructor called with [class org.test.TestMyBatis].
2016-03-20 22:27:11 [main:67] - [DEBUG] Delegating to GenericXmlContextLoader to process context configuration [ContextConfigurationAttributes@2f8f5f62 declaringClass = 'org.test.TestMyBatis', locations = '{classpath:spring-mybatis.xml}', classes = '{}', inheritLocations = true, initializers = '{}', inheritInitializers = true, name = [null], contextLoaderClass = 'org.springframework.test.context.ContextLoader'].
2016-03-20 22:27:11 [main:70] - [DEBUG] Could not find an 'annotation declaring class' for annotation type [org.springframework.test.context.ActiveProfiles] and class [org.test.TestMyBatis]
2016-03-20 22:27:11 [main:72] - [DEBUG] @TestExecutionListeners is not present for class [class org.test.TestMyBatis]: using defaults.
2016-03-20 22:27:11 [main:90] - [DEBUG] Retrieved @ProfileValueSourceConfiguration [null] for test class [org.test.TestMyBatis]
2016-03-20 22:27:11 [main:91] - [DEBUG] Retrieved ProfileValueSource type [class org.springframework.test.annotation.SystemProfileValueSource] for class [org.test.TestMyBatis]
2016-03-20 22:27:11 [main:92] - [DEBUG] Retrieved @ProfileValueSourceConfiguration [null] for test class [org.test.TestMyBatis]
2016-03-20 22:27:11 [main:93] - [DEBUG] Retrieved ProfileValueSource type [class org.springframework.test.annotation.SystemProfileValueSource] for class [org.test.TestMyBatis]
2016-03-20 22:27:11 [main:96] - [DEBUG] Retrieved @ProfileValueSourceConfiguration [null] for test class [org.test.TestMyBatis]
2016-03-20 22:27:11 [main:96] - [DEBUG] Retrieved ProfileValueSource type [class org.springframework.test.annotation.SystemProfileValueSource] for class [org.test.TestMyBatis]
2016-03-20 22:27:11 [main:98] - [DEBUG] Retrieved @ProfileValueSourceConfiguration [null] for test class [org.test.TestMyBatis]
2016-03-20 22:27:11 [main:98] - [DEBUG] Retrieved ProfileValueSource type [class org.springframework.test.annotation.SystemProfileValueSource] for class [org.test.TestMyBatis]
2016-03-20 22:27:11 [main:99] - [DEBUG] Retrieved @ProfileValueSourceConfiguration [null] for test class [org.test.TestMyBatis]
2016-03-20 22:27:11 [main:99] - [DEBUG] Retrieved ProfileValueSource type [class org.springframework.test.annotation.SystemProfileValueSource] for class [org.test.TestMyBatis]
2016-03-20 22:27:11 [main:102] - [DEBUG] Retrieved @ProfileValueSourceConfiguration [null] for test class [org.test.TestMyBatis]
2016-03-20 22:27:11 [main:102] - [DEBUG] Retrieved ProfileValueSource type [class org.springframework.test.annotation.SystemProfileValueSource] for class [org.test.TestMyBatis]
2016-03-20 22:27:11 [main:107] - [DEBUG] Performing dependency injection for test context [[DefaultTestContext@255b53dc testClass = TestMyBatis, testInstance = org.test.TestMyBatis@1dd92fe2, testMethod = [null], testException = [null], mergedContextConfiguration = [MergedContextConfiguration@6b53e23f testClass = TestMyBatis, locations = '{classpath:spring-mybatis.xml}', classes = '{}', contextInitializerClasses = '[]', activeProfiles = '{}', contextLoader = 'org.springframework.test.context.support.DelegatingSmartContextLoader', parent = [null]]]].
2016-03-20 22:27:11 [main:108] - [DEBUG] Delegating to GenericXmlContextLoader to load context from [MergedContextConfiguration@6b53e23f testClass = TestMyBatis, locations = '{classpath:spring-mybatis.xml}', classes = '{}', contextInitializerClasses = '[]', activeProfiles = '{}', contextLoader = 'org.springframework.test.context.support.DelegatingSmartContextLoader', parent = [null]].
2016-03-20 22:27:11 [main:108] - [DEBUG] Loading ApplicationContext for merged context configuration [[MergedContextConfiguration@6b53e23f testClass = TestMyBatis, locations = '{classpath:spring-mybatis.xml}', classes = '{}', contextInitializerClasses = '[]', activeProfiles = '{}', contextLoader = 'org.springframework.test.context.support.DelegatingSmartContextLoader', parent = [null]]].
2016-03-20 22:27:11 [main:247] - [DEBUG] Adding [systemProperties] PropertySource with lowest search precedence
2016-03-20 22:27:11 [main:252] - [DEBUG] Adding [systemEnvironment] PropertySource with lowest search precedence
2016-03-20 22:27:11 [main:254] - [DEBUG] Initialized StandardEnvironment with PropertySources [systemProperties,systemEnvironment]
2016-03-20 22:27:11 [main:277] - [INFO] Loading XML bean definitions from class path resource [spring-mybatis.xml]
2016-03-20 22:27:11 [main:303] - [DEBUG] Using JAXP provider [com.sun.org.apache.xerces.internal.jaxp.DocumentBuilderFactoryImpl]
2016-03-20 22:27:12 [main:627] - [DEBUG] Loading schema mappings from [META-INF/spring.schemas]
2016-03-20 22:27:12 [main:631] - [DEBUG] Loaded schema mappings: {http://www.springframework.org/schema/tx/spring-tx-2.5.xsd=org/springframework/transaction/config/spring-tx-2.5.xsd, http://www.springframework.org/schema/context/spring-context-3.1.xsd=org/springframework/context/config/spring-context-3.1.xsd, http://www.springframework.org/schema/util/spring-util-3.0.xsd=org/springframework/beans/factory/xml/spring-util-3.0.xsd, http://mybatis.org/schema/mybatis-spring-1.2.xsd=org/mybatis/spring/config/mybatis-spring-1.2.xsd, http://www.springframework.org/schema/aop/spring-aop-3.2.xsd=org/springframework/aop/config/spring-aop-3.2.xsd, http://www.springframework.org/schema/tool/spring-tool.xsd=org/springframework/beans/factory/xml/spring-tool-4.0.xsd, http://www.springframework.org/schema/context/spring-context-4.0.xsd=org/springframework/context/config/spring-context-4.0.xsd, http://www.springframework.org/schema/mvc/spring-mvc-3.2.xsd=org/springframework/web/servlet/config/spring-mvc-3.2.xsd, http://www.springframework.org/schema/oxm/spring-oxm-3.0.xsd=org/springframework/oxm/config/spring-oxm-3.0.xsd, http://www.springframework.org/schema/lang/spring-lang-3.2.xsd=org/springframework/scripting/config/spring-lang-3.2.xsd, http://www.springframework.org/schema/cache/spring-cache-3.2.xsd=org/springframework/cache/config/spring-cache-3.2.xsd, http://www.springframework.org/schema/jdbc/spring-jdbc-3.1.xsd=org/springframework/jdbc/config/spring-jdbc-3.1.xsd, http://www.springframework.org/schema/util/spring-util-2.0.xsd=org/springframework/beans/factory/xml/spring-util-2.0.xsd, http://www.springframework.org/schema/tool/spring-tool-3.2.xsd=org/springframework/beans/factory/xml/spring-tool-3.2.xsd, http://www.springframework.org/schema/context/spring-context.xsd=org/springframework/context/config/spring-context-4.0.xsd, http://www.springframework.org/schema/aop/spring-aop-4.0.xsd=org/springframework/aop/config/spring-aop-4.0.xsd, http://www.springframework.org/schema/jee/spring-jee-3.2.xsd=org/springframework/ejb/config/spring-jee-3.2.xsd, http://www.springframework.org/schema/context/spring-context-3.0.xsd=org/springframework/context/config/spring-context-3.0.xsd, http://www.springframework.org/schema/jdbc/spring-jdbc-4.0.xsd=org/springframework/jdbc/config/spring-jdbc-4.0.xsd, http://www.springframework.org/schema/util/spring-util-2.5.xsd=org/springframework/beans/factory/xml/spring-util-2.5.xsd, http://www.springframework.org/schema/mvc/spring-mvc-4.0.xsd=org/springframework/web/servlet/config/spring-mvc-4.0.xsd, http://www.springframework.org/schema/beans/spring-beans-3.2.xsd=org/springframework/beans/factory/xml/spring-beans-3.2.xsd, http://www.springframework.org/schema/aop/spring-aop-3.1.xsd=org/springframework/aop/config/spring-aop-3.1.xsd, http://www.springframework.org/schema/lang/spring-lang-4.0.xsd=org/springframework/scripting/config/spring-lang-4.0.xsd, http://www.springframework.org/schema/mvc/spring-mvc.xsd=org/springframework/web/servlet/config/spring-mvc-4.0.xsd, http://www.springframework.org/schema/mvc/spring-mvc-3.1.xsd=org/springframework/web/servlet/config/spring-mvc-3.1.xsd, http://www.springframework.org/schema/tool/spring-tool-4.0.xsd=org/springframework/beans/factory/xml/spring-tool-4.0.xsd, http://www.springframework.org/schema/lang/spring-lang-3.1.xsd=org/springframework/scripting/config/spring-lang-3.1.xsd, http://www.springframework.org/schema/tx/spring-tx-3.2.xsd=org/springframework/transaction/config/spring-tx-3.2.xsd, http://www.springframework.org/schema/cache/spring-cache-3.1.xsd=org/springframework/cache/config/spring-cache-3.1.xsd, http://www.springframework.org/schema/jee/spring-jee-4.0.xsd=org/springframework/ejb/config/spring-jee-4.0.xsd, http://www.springframework.org/schema/jdbc/spring-jdbc-3.0.xsd=org/springframework/jdbc/config/spring-jdbc-3.0.xsd, http://www.springframework.org/schema/jdbc/spring-jdbc.xsd=org/springframework/jdbc/config/spring-jdbc-4.0.xsd, http://www.springframework.org/schema/tool/spring-tool-3.1.xsd=org/springframework/beans/factory/xml/spring-tool-3.1.xsd, http://www.springframework.org/schema/cache/spring-cache-4.0.xsd=org/springframework/cache/config/spring-cache-4.0.xsd, http://www.springframework.org/schema/jee/spring-jee-3.1.xsd=org/springframework/ejb/config/spring-jee-3.1.xsd, http://www.springframework.org/schema/task/spring-task-3.2.xsd=org/springframework/scheduling/config/spring-task-3.2.xsd, http://www.springframework.org/schema/beans/spring-beans-3.1.xsd=org/springframework/beans/factory/xml/spring-beans-3.1.xsd, http://www.springframework.org/schema/util/spring-util.xsd=org/springframework/beans/factory/xml/spring-util-4.0.xsd, http://www.springframework.org/schema/aop/spring-aop-3.0.xsd=org/springframework/aop/config/spring-aop-3.0.xsd, http://www.springframework.org/schema/mvc/spring-mvc-3.0.xsd=org/springframework/web/servlet/config/spring-mvc-3.0.xsd, http://www.springframework.org/schema/beans/spring-beans-4.0.xsd=org/springframework/beans/factory/xml/spring-beans-4.0.xsd, http://www.springframework.org/schema/beans/spring-beans.xsd=org/springframework/beans/factory/xml/spring-beans-4.0.xsd, http://mybatis.org/schema/mybatis-spring.xsd=org/mybatis/spring/config/mybatis-spring-1.2.xsd, http://www.springframework.org/schema/lang/spring-lang-3.0.xsd=org/springframework/scripting/config/spring-lang-3.0.xsd, http://www.springframework.org/schema/tx/spring-tx-3.1.xsd=org/springframework/transaction/config/spring-tx-3.1.xsd, http://www.springframework.org/schema/context/spring-context-2.5.xsd=org/springframework/context/config/spring-context-2.5.xsd, http://www.springframework.org/schema/task/spring-task-4.0.xsd=org/springframework/scheduling/config/spring-task-4.0.xsd, http://www.springframework.org/schema/tool/spring-tool-3.0.xsd=org/springframework/beans/factory/xml/spring-tool-3.0.xsd, http://www.springframework.org/schema/tx/spring-tx-4.0.xsd=org/springframework/transaction/config/spring-tx-4.0.xsd, http://www.springframework.org/schema/aop/spring-aop-2.0.xsd=org/springframework/aop/config/spring-aop-2.0.xsd, http://www.springframework.org/schema/jee/spring-jee-3.0.xsd=org/springframework/ejb/config/spring-jee-3.0.xsd, http://www.springframework.org/schema/task/spring-task-3.1.xsd=org/springframework/scheduling/config/spring-task-3.1.xsd, http://www.springframework.org/schema/beans/spring-beans-3.0.xsd=org/springframework/beans/factory/xml/spring-beans-3.0.xsd, http://www.springframework.org/schema/jee/spring-jee.xsd=org/springframework/ejb/config/spring-jee-4.0.xsd, http://www.springframework.org/schema/aop/spring-aop-2.5.xsd=org/springframework/aop/config/spring-aop-2.5.xsd, http://www.springframework.org/schema/lang/spring-lang-2.0.xsd=org/springframework/scripting/config/spring-lang-2.0.xsd, http://www.springframework.org/schema/oxm/spring-oxm.xsd=org/springframework/oxm/config/spring-oxm-4.0.xsd, http://www.springframework.org/schema/util/spring-util-3.2.xsd=org/springframework/beans/factory/xml/spring-util-3.2.xsd, http://www.springframework.org/schema/task/spring-task.xsd=org/springframework/scheduling/config/spring-task-4.0.xsd, http://www.springframework.org/schema/tool/spring-tool-2.0.xsd=org/springframework/beans/factory/xml/spring-tool-2.0.xsd, http://www.springframework.org/schema/tx/spring-tx-3.0.xsd=org/springframework/transaction/config/spring-tx-3.0.xsd, http://www.springframework.org/schema/lang/spring-lang-2.5.xsd=org/springframework/scripting/config/spring-lang-2.5.xsd, http://www.springframework.org/schema/jee/spring-jee-2.0.xsd=org/springframework/ejb/config/spring-jee-2.0.xsd, http://www.springframework.org/schema/oxm/spring-oxm-3.2.xsd=org/springframework/oxm/config/spring-oxm-3.2.xsd, http://www.springframework.org/schema/tool/spring-tool-2.5.xsd=org/springframework/beans/factory/xml/spring-tool-2.5.xsd, http://www.springframework.org/schema/jee/spring-jee-2.5.xsd=org/springframework/ejb/config/spring-jee-2.5.xsd, http://www.springframework.org/schema/util/spring-util-4.0.xsd=org/springframework/beans/factory/xml/spring-util-4.0.xsd, http://www.springframework.org/schema/task/spring-task-3.0.xsd=org/springframework/scheduling/config/spring-task-3.0.xsd, http://www.springframework.org/schema/lang/spring-lang.xsd=org/springframework/scripting/config/spring-lang-4.0.xsd, http://www.springframework.org/schema/context/spring-context-3.2.xsd=org/springframework/context/config/spring-context-3.2.xsd, http://www.springframework.org/schema/util/spring-util-3.1.xsd=org/springframework/beans/factory/xml/spring-util-3.1.xsd, http://www.springframework.org/schema/beans/spring-beans-2.0.xsd=org/springframework/beans/factory/xml/spring-beans-2.0.xsd, http://www.springframework.org/schema/oxm/spring-oxm-4.0.xsd=org/springframework/oxm/config/spring-oxm-4.0.xsd, http://www.springframework.org/schema/cache/spring-cache.xsd=org/springframework/cache/config/spring-cache-4.0.xsd, http://www.springframework.org/schema/tx/spring-tx.xsd=org/springframework/transaction/config/spring-tx-4.0.xsd, http://www.springframework.org/schema/beans/spring-beans-2.5.xsd=org/springframework/beans/factory/xml/spring-beans-2.5.xsd, http://www.springframework.org/schema/oxm/spring-oxm-3.1.xsd=org/springframework/oxm/config/spring-oxm-3.1.xsd, http://www.springframework.org/schema/tx/spring-tx-2.0.xsd=org/springframework/transaction/config/spring-tx-2.0.xsd, http://www.springframework.org/schema/jdbc/spring-jdbc-3.2.xsd=org/springframework/jdbc/config/spring-jdbc-3.2.xsd, http://www.springframework.org/schema/aop/spring-aop.xsd=org/springframework/aop/config/spring-aop-4.0.xsd}
2016-03-20 22:27:12 [main:633] - [DEBUG] Found XML schema [http://www.springframework.org/schema/beans/spring-beans-3.1.xsd] in classpath: org/springframework/beans/factory/xml/spring-beans-3.1.xsd
2016-03-20 22:27:12 [main:703] - [DEBUG] Found XML schema [http://www.springframework.org/schema/context/spring-context-3.1.xsd] in classpath: org/springframework/context/config/spring-context-3.1.xsd
2016-03-20 22:27:12 [main:713] - [DEBUG] Found XML schema [http://www.springframework.org/schema/tool/spring-tool-3.1.xsd] in classpath: org/springframework/beans/factory/xml/spring-tool-3.1.xsd
2016-03-20 22:27:12 [main:727] - [DEBUG] Loading bean definitions
2016-03-20 22:27:12 [main:741] - [DEBUG] Loaded NamespaceHandler mappings: {http://www.springframework.org/schema/p=org.springframework.beans.factory.xml.SimplePropertyNamespaceHandler, http://www.springframework.org/schema/mvc=org.springframework.web.servlet.config.MvcNamespaceHandler, http://www.springframework.org/schema/util=org.springframework.beans.factory.xml.UtilNamespaceHandler, http://www.springframework.org/schema/jee=org.springframework.ejb.config.JeeNamespaceHandler, http://www.springframework.org/schema/aop=org.springframework.aop.config.AopNamespaceHandler, http://www.springframework.org/schema/jdbc=org.springframework.jdbc.config.JdbcNamespaceHandler, http://www.springframework.org/schema/oxm=org.springframework.oxm.config.OxmNamespaceHandler, http://www.springframework.org/schema/cache=org.springframework.cache.config.CacheNamespaceHandler, http://mybatis.org/schema/mybatis-spring=org.mybatis.spring.config.NamespaceHandler, http://www.springframework.org/schema/c=org.springframework.beans.factory.xml.SimpleConstructorNamespaceHandler, http://www.springframework.org/schema/tx=org.springframework.transaction.config.TxNamespaceHandler, http://www.springframework.org/schema/task=org.springframework.scheduling.config.TaskNamespaceHandler, http://www.springframework.org/schema/lang=org.springframework.scripting.config.LangNamespaceHandler, http://www.springframework.org/schema/context=org.springframework.context.config.ContextNamespaceHandler}
2016-03-20 22:27:12 [main:756] - [DEBUG] JSR-250 'javax.annotation.ManagedBean' found and supported for component scanning
2016-03-20 22:27:12 [main:759] - [DEBUG] JSR-330 'javax.inject.Named' annotation found and supported for component scanning
2016-03-20 22:27:12 [main:765] - [DEBUG] Looking for matching resources in directory tree [D:\AboutJava\eclipse_workspace\mybatismvc\target\classes\com\cn\test]
2016-03-20 22:27:12 [main:765] - [DEBUG] Searching directory [D:\AboutJava\eclipse_workspace\mybatismvc\target\classes\com\cn\test] for files matching pattern [D:/AboutJava/eclipse_workspace/mybatismvc/target/classes/com/cn/test/**/*.class]
2016-03-20 22:27:12 [main:767] - [DEBUG] Searching directory [D:\AboutJava\eclipse_workspace\mybatismvc\target\classes\com\cn\test\controller] for files matching pattern [D:/AboutJava/eclipse_workspace/mybatismvc/target/classes/com/cn/test/**/*.class]
2016-03-20 22:27:12 [main:768] - [DEBUG] Searching directory [D:\AboutJava\eclipse_workspace\mybatismvc\target\classes\com\cn\test\dao] for files matching pattern [D:/AboutJava/eclipse_workspace/mybatismvc/target/classes/com/cn/test/**/*.class]
2016-03-20 22:27:12 [main:769] - [DEBUG] Searching directory [D:\AboutJava\eclipse_workspace\mybatismvc\target\classes\com\cn\test\mapping] for files matching pattern [D:/AboutJava/eclipse_workspace/mybatismvc/target/classes/com/cn/test/**/*.class]
2016-03-20 22:27:12 [main:770] - [DEBUG] Searching directory [D:\AboutJava\eclipse_workspace\mybatismvc\target\classes\com\cn\test\pojo] for files matching pattern [D:/AboutJava/eclipse_workspace/mybatismvc/target/classes/com/cn/test/**/*.class]
2016-03-20 22:27:12 [main:770] - [DEBUG] Searching directory [D:\AboutJava\eclipse_workspace\mybatismvc\target\classes\com\cn\test\service] for files matching pattern [D:/AboutJava/eclipse_workspace/mybatismvc/target/classes/com/cn/test/**/*.class]
2016-03-20 22:27:12 [main:771] - [DEBUG] Searching directory [D:\AboutJava\eclipse_workspace\mybatismvc\target\classes\com\cn\test\service\impl] for files matching pattern [D:/AboutJava/eclipse_workspace/mybatismvc/target/classes/com/cn/test/**/*.class]
2016-03-20 22:27:12 [main:774] - [DEBUG] Resolved location pattern [classpath*:com/cn/test/**/*.class] to resources [file [D:\AboutJava\eclipse_workspace\mybatismvc\target\classes\com\cn\test\controller\UserController.class], file [D:\AboutJava\eclipse_workspace\mybatismvc\target\classes\com\cn\test\dao\UserMapper.class], file [D:\AboutJava\eclipse_workspace\mybatismvc\target\classes\com\cn\test\pojo\User.class], file [D:\AboutJava\eclipse_workspace\mybatismvc\target\classes\com\cn\test\service\impl\UserServiceImpl.class], file [D:\AboutJava\eclipse_workspace\mybatismvc\target\classes\com\cn\test\service\IUserService.class]]
2016-03-20 22:27:12 [main:799] - [DEBUG] Identified candidate component class: file [D:\AboutJava\eclipse_workspace\mybatismvc\target\classes\com\cn\test\controller\UserController.class]
2016-03-20 22:27:12 [main:805] - [DEBUG] Identified candidate component class: file [D:\AboutJava\eclipse_workspace\mybatismvc\target\classes\com\cn\test\service\impl\UserServiceImpl.class]
2016-03-20 22:27:12 [main:822] - [DEBUG] No XML 'id' specified - using 'propertyConfigurer' as bean name and [] as aliases
2016-03-20 22:27:12 [main:826] - [DEBUG] No XML 'id' specified - using 'dataSource' as bean name and [] as aliases
2016-03-20 22:27:12 [main:830] - [DEBUG] Neither XML 'id' nor 'name' specified - using generated bean name [org.mybatis.spring.mapper.MapperScannerConfigurer#0]
2016-03-20 22:27:12 [main:830] - [DEBUG] Loaded 11 bean definitions from location pattern [classpath:spring-mybatis.xml]
2016-03-20 22:27:12 [main:834] - [INFO] Refreshing org.springframework.context.support.GenericApplicationContext@3ec300f1: startup date [Sun Mar 20 22:27:12 CST 2016]; root of context hierarchy
2016-03-20 22:27:12 [main:835] - [DEBUG] Bean factory for org.springframework.context.support.GenericApplicationContext@3ec300f1: org.springframework.beans.factory.support.DefaultListableBeanFactory@1e6a3214: defining beans [userController,userService,org.springframework.context.annotation.internalConfigurationAnnotationProcessor,org.springframework.context.annotation.internalAutowiredAnnotationProcessor,org.springframework.context.annotation.internalRequiredAnnotationProcessor,org.springframework.context.annotation.internalCommonAnnotationProcessor,propertyConfigurer,dataSource,sqlSessionFactory,org.mybatis.spring.mapper.MapperScannerConfigurer#0,transactionManager]; root of factory hierarchy
2016-03-20 22:27:12 [main:872] - [DEBUG] Creating shared instance of singleton bean 'org.springframework.context.annotation.internalConfigurationAnnotationProcessor'
2016-03-20 22:27:12 [main:872] - [DEBUG] Creating instance of bean 'org.springframework.context.annotation.internalConfigurationAnnotationProcessor'
2016-03-20 22:27:12 [main:884] - [DEBUG] Eagerly caching bean 'org.springframework.context.annotation.internalConfigurationAnnotationProcessor' to allow for resolving potential circular references
2016-03-20 22:27:12 [main:886] - [DEBUG] Finished creating instance of bean 'org.springframework.context.annotation.internalConfigurationAnnotationProcessor'
2016-03-20 22:27:12 [main:922] - [DEBUG] Creating shared instance of singleton bean 'org.mybatis.spring.mapper.MapperScannerConfigurer#0'
2016-03-20 22:27:12 [main:924] - [DEBUG] Creating instance of bean 'org.mybatis.spring.mapper.MapperScannerConfigurer#0'
2016-03-20 22:27:12 [main:925] - [DEBUG] Eagerly caching bean 'org.mybatis.spring.mapper.MapperScannerConfigurer#0' to allow for resolving potential circular references
2016-03-20 22:27:12 [main:965] - [DEBUG] Invoking afterPropertiesSet() on bean with name 'org.mybatis.spring.mapper.MapperScannerConfigurer#0'
2016-03-20 22:27:12 [main:966] - [DEBUG] Finished creating instance of bean 'org.mybatis.spring.mapper.MapperScannerConfigurer#0'
2016-03-20 22:27:12 [main:969] - [DEBUG] Adding [systemProperties] PropertySource with lowest search precedence
2016-03-20 22:27:12 [main:969] - [DEBUG] Adding [systemEnvironment] PropertySource with lowest search precedence
2016-03-20 22:27:12 [main:970] - [DEBUG] Initialized StandardEnvironment with PropertySources [systemProperties,systemEnvironment]
2016-03-20 22:27:12 [main:973] - [DEBUG] Looking for matching resources in directory tree [D:\AboutJava\eclipse_workspace\mybatismvc\target\classes\com\cn\test\dao]
2016-03-20 22:27:12 [main:973] - [DEBUG] Searching directory [D:\AboutJava\eclipse_workspace\mybatismvc\target\classes\com\cn\test\dao] for files matching pattern [D:/AboutJava/eclipse_workspace/mybatismvc/target/classes/com/cn/test/dao/**/*.class]
2016-03-20 22:27:12 [main:974] - [DEBUG] Resolved location pattern [classpath*:com/cn/test/dao/**/*.class] to resources [file [D:\AboutJava\eclipse_workspace\mybatismvc\target\classes\com\cn\test\dao\UserMapper.class]]
2016-03-20 22:27:12 [main:975] - [DEBUG] Identified candidate component class: file [D:\AboutJava\eclipse_workspace\mybatismvc\target\classes\com\cn\test\dao\UserMapper.class]
2016-03-20 22:27:12 [main:975] - [DEBUG] Creating MapperFactoryBean with name 'userMapper' and 'com.cn.test.dao.UserMapper' mapperInterface
2016-03-20 22:27:12 [main:978] - [DEBUG] Creating shared instance of singleton bean 'propertyConfigurer'
2016-03-20 22:27:12 [main:978] - [DEBUG] Creating instance of bean 'propertyConfigurer'
2016-03-20 22:27:12 [main:980] - [DEBUG] Eagerly caching bean 'propertyConfigurer' to allow for resolving potential circular references
2016-03-20 22:27:12 [main:996] - [DEBUG] Finished creating instance of bean 'propertyConfigurer'
2016-03-20 22:27:12 [main:996] - [INFO] Loading properties file from class path resource [jdbc.properties]
2016-03-20 22:27:12 [main:1002] - [DEBUG] Creating shared instance of singleton bean 'org.springframework.context.annotation.internalAutowiredAnnotationProcessor'
2016-03-20 22:27:12 [main:1003] - [DEBUG] Creating instance of bean 'org.springframework.context.annotation.internalAutowiredAnnotationProcessor'
2016-03-20 22:27:12 [main:1004] - [INFO] JSR-330 'javax.inject.Inject' annotation found and supported for autowiring
2016-03-20 22:27:12 [main:1005] - [DEBUG] Eagerly caching bean 'org.springframework.context.annotation.internalAutowiredAnnotationProcessor' to allow for resolving potential circular references
2016-03-20 22:27:12 [main:1005] - [DEBUG] Finished creating instance of bean 'org.springframework.context.annotation.internalAutowiredAnnotationProcessor'
2016-03-20 22:27:12 [main:1005] - [DEBUG] Creating shared instance of singleton bean 'org.springframework.context.annotation.internalRequiredAnnotationProcessor'
2016-03-20 22:27:12 [main:1006] - [DEBUG] Creating instance of bean 'org.springframework.context.annotation.internalRequiredAnnotationProcessor'
2016-03-20 22:27:12 [main:1007] - [DEBUG] Eagerly caching bean 'org.springframework.context.annotation.internalRequiredAnnotationProcessor' to allow for resolving potential circular references
2016-03-20 22:27:12 [main:1007] - [DEBUG] Finished creating instance of bean 'org.springframework.context.annotation.internalRequiredAnnotationProcessor'
2016-03-20 22:27:12 [main:1008] - [DEBUG] Creating shared instance of singleton bean 'org.springframework.context.annotation.internalCommonAnnotationProcessor'
2016-03-20 22:27:12 [main:1008] - [DEBUG] Creating instance of bean 'org.springframework.context.annotation.internalCommonAnnotationProcessor'
2016-03-20 22:27:12 [main:1016] - [DEBUG] Eagerly caching bean 'org.springframework.context.annotation.internalCommonAnnotationProcessor' to allow for resolving potential circular references
2016-03-20 22:27:12 [main:1016] - [DEBUG] Finished creating instance of bean 'org.springframework.context.annotation.internalCommonAnnotationProcessor'
2016-03-20 22:27:12 [main:1017] - [DEBUG] Creating shared instance of singleton bean 'org.springframework.context.annotation.ConfigurationClassPostProcessor.importAwareProcessor'
2016-03-20 22:27:12 [main:1017] - [DEBUG] Creating instance of bean 'org.springframework.context.annotation.ConfigurationClassPostProcessor.importAwareProcessor'
2016-03-20 22:27:12 [main:1018] - [DEBUG] Eagerly caching bean 'org.springframework.context.annotation.ConfigurationClassPostProcessor.importAwareProcessor' to allow for resolving potential circular references
2016-03-20 22:27:12 [main:1018] - [DEBUG] Finished creating instance of bean 'org.springframework.context.annotation.ConfigurationClassPostProcessor.importAwareProcessor'
2016-03-20 22:27:12 [main:1019] - [DEBUG] Creating shared instance of singleton bean 'org.springframework.context.annotation.ConfigurationClassPostProcessor.enhancedConfigurationProcessor'
2016-03-20 22:27:12 [main:1021] - [DEBUG] Creating instance of bean 'org.springframework.context.annotation.ConfigurationClassPostProcessor.enhancedConfigurationProcessor'
2016-03-20 22:27:12 [main:1021] - [DEBUG] Eagerly caching bean 'org.springframework.context.annotation.ConfigurationClassPostProcessor.enhancedConfigurationProcessor' to allow for resolving potential circular references
2016-03-20 22:27:12 [main:1022] - [DEBUG] Finished creating instance of bean 'org.springframework.context.annotation.ConfigurationClassPostProcessor.enhancedConfigurationProcessor'
2016-03-20 22:27:12 [main:1026] - [DEBUG] Unable to locate MessageSource with name 'messageSource': using default [org.springframework.context.support.DelegatingMessageSource@7905a0b8]
2016-03-20 22:27:12 [main:1029] - [DEBUG] Unable to locate ApplicationEventMulticaster with name 'applicationEventMulticaster': using default [org.springframework.context.event.SimpleApplicationEventMulticaster@77659b30]
2016-03-20 22:27:12 [main:1031] - [DEBUG] Pre-instantiating singletons in org.springframework.beans.factory.support.DefaultListableBeanFactory@1e6a3214: defining beans [userController,userService,org.springframework.context.annotation.internalConfigurationAnnotationProcessor,org.springframework.context.annotation.internalAutowiredAnnotationProcessor,org.springframework.context.annotation.internalRequiredAnnotationProcessor,org.springframework.context.annotation.internalCommonAnnotationProcessor,propertyConfigurer,dataSource,sqlSessionFactory,org.mybatis.spring.mapper.MapperScannerConfigurer#0,transactionManager,org.springframework.context.annotation.ConfigurationClassPostProcessor.importAwareProcessor,org.springframework.context.annotation.ConfigurationClassPostProcessor.enhancedConfigurationProcessor,userMapper]; root of factory hierarchy
2016-03-20 22:27:12 [main:1032] - [DEBUG] Creating shared instance of singleton bean 'userController'
2016-03-20 22:27:12 [main:1032] - [DEBUG] Creating instance of bean 'userController'
2016-03-20 22:27:12 [main:1041] - [DEBUG] Registered injected element on class [com.cn.test.controller.UserController]: ResourceElement for private com.cn.test.service.IUserService com.cn.test.controller.UserController.userService
2016-03-20 22:27:12 [main:1043] - [DEBUG] Eagerly caching bean 'userController' to allow for resolving potential circular references
2016-03-20 22:27:12 [main:1047] - [DEBUG] Processing injected method of bean 'userController': ResourceElement for private com.cn.test.service.IUserService com.cn.test.controller.UserController.userService
2016-03-20 22:27:12 [main:1049] - [DEBUG] Creating shared instance of singleton bean 'userService'
2016-03-20 22:27:12 [main:1049] - [DEBUG] Creating instance of bean 'userService'
2016-03-20 22:27:12 [main:1053] - [DEBUG] Registered injected element on class [com.cn.test.service.impl.UserServiceImpl]: ResourceElement for private com.cn.test.dao.UserMapper com.cn.test.service.impl.UserServiceImpl.userDao
2016-03-20 22:27:12 [main:1055] - [DEBUG] Eagerly caching bean 'userService' to allow for resolving potential circular references
2016-03-20 22:27:12 [main:1058] - [DEBUG] Processing injected method of bean 'userService': ResourceElement for private com.cn.test.dao.UserMapper com.cn.test.service.impl.UserServiceImpl.userDao
2016-03-20 22:27:12 [main:1078] - [DEBUG] Logging initialized using 'class org.apache.ibatis.logging.slf4j.Slf4jImpl' adapter.
2016-03-20 22:27:12 [main:1087] - [DEBUG] Creating shared instance of singleton bean 'userMapper'
2016-03-20 22:27:12 [main:1087] - [DEBUG] Creating instance of bean 'userMapper'
2016-03-20 22:27:12 [main:1088] - [DEBUG] Eagerly caching bean 'userMapper' to allow for resolving potential circular references
2016-03-20 22:27:12 [main:1104] - [DEBUG] Creating shared instance of singleton bean 'sqlSessionFactory'
2016-03-20 22:27:12 [main:1105] - [DEBUG] Creating instance of bean 'sqlSessionFactory'
2016-03-20 22:27:12 [main:1109] - [DEBUG] Eagerly caching bean 'sqlSessionFactory' to allow for resolving potential circular references
2016-03-20 22:27:12 [main:1120] - [DEBUG] Creating shared instance of singleton bean 'dataSource'
2016-03-20 22:27:12 [main:1120] - [DEBUG] Creating instance of bean 'dataSource'
2016-03-20 22:27:12 [main:1132] - [DEBUG] Eagerly caching bean 'dataSource' to allow for resolving potential circular references
2016-03-20 22:27:12 [main:1157] - [DEBUG] Finished creating instance of bean 'dataSource'
2016-03-20 22:27:12 [main:1158] - [DEBUG] Looking for matching resources in directory tree [D:\AboutJava\eclipse_workspace\mybatismvc\target\classes\com\cn\test\mapping]
2016-03-20 22:27:12 [main:1159] - [DEBUG] Searching directory [D:\AboutJava\eclipse_workspace\mybatismvc\target\classes\com\cn\test\mapping] for files matching pattern [D:/AboutJava/eclipse_workspace/mybatismvc/target/classes/com/cn/test/mapping/*.xml]
2016-03-20 22:27:12 [main:1161] - [DEBUG] Resolved location pattern [classpath:com/cn/test/mapping/*.xml] to resources [file [D:\AboutJava\eclipse_workspace\mybatismvc\target\classes\com\cn\test\mapping\UserMapper.xml]]
2016-03-20 22:27:12 [main:1165] - [DEBUG] Invoking afterPropertiesSet() on bean with name 'sqlSessionFactory'
2016-03-20 22:27:12 [main:1165] - [DEBUG] Property 'configLocation' not specified, using default MyBatis Configuration
2016-03-20 22:27:13 [main:1683] - [DEBUG] Parsed mapper file: 'file [D:\AboutJava\eclipse_workspace\mybatismvc\target\classes\com\cn\test\mapping\UserMapper.xml]'
2016-03-20 22:27:13 [main:1685] - [DEBUG] Finished creating instance of bean 'sqlSessionFactory'
2016-03-20 22:27:13 [main:1693] - [DEBUG] Invoking afterPropertiesSet() on bean with name 'userMapper'
2016-03-20 22:27:13 [main:1693] - [DEBUG] Finished creating instance of bean 'userMapper'
2016-03-20 22:27:13 [main:1695] - [DEBUG] Returning cached instance of singleton bean 'userMapper'
2016-03-20 22:27:13 [main:1699] - [DEBUG] Finished creating instance of bean 'userService'
2016-03-20 22:27:13 [main:1700] - [DEBUG] Finished creating instance of bean 'userController'
2016-03-20 22:27:13 [main:1700] - [DEBUG] Returning cached instance of singleton bean 'userService'
2016-03-20 22:27:13 [main:1700] - [DEBUG] Returning cached instance of singleton bean 'org.springframework.context.annotation.internalConfigurationAnnotationProcessor'
2016-03-20 22:27:13 [main:1701] - [DEBUG] Returning cached instance of singleton bean 'org.springframework.context.annotation.internalAutowiredAnnotationProcessor'
2016-03-20 22:27:13 [main:1701] - [DEBUG] Returning cached instance of singleton bean 'org.springframework.context.annotation.internalRequiredAnnotationProcessor'
2016-03-20 22:27:13 [main:1701] - [DEBUG] Returning cached instance of singleton bean 'org.springframework.context.annotation.internalCommonAnnotationProcessor'
2016-03-20 22:27:13 [main:1702] - [DEBUG] Returning cached instance of singleton bean 'propertyConfigurer'
2016-03-20 22:27:13 [main:1702] - [DEBUG] Returning cached instance of singleton bean 'dataSource'
2016-03-20 22:27:13 [main:1703] - [DEBUG] Returning cached instance of singleton bean 'sqlSessionFactory'
2016-03-20 22:27:13 [main:1703] - [DEBUG] Returning cached instance of singleton bean 'org.mybatis.spring.mapper.MapperScannerConfigurer#0'
2016-03-20 22:27:13 [main:1704] - [DEBUG] Creating shared instance of singleton bean 'transactionManager'
2016-03-20 22:27:13 [main:1704] - [DEBUG] Creating instance of bean 'transactionManager'
2016-03-20 22:27:13 [main:1714] - [DEBUG] Eagerly caching bean 'transactionManager' to allow for resolving potential circular references
2016-03-20 22:27:13 [main:1720] - [DEBUG] Returning cached instance of singleton bean 'dataSource'
2016-03-20 22:27:13 [main:1721] - [DEBUG] Invoking afterPropertiesSet() on bean with name 'transactionManager'
2016-03-20 22:27:13 [main:1721] - [DEBUG] Finished creating instance of bean 'transactionManager'
2016-03-20 22:27:13 [main:1722] - [DEBUG] Returning cached instance of singleton bean 'org.springframework.context.annotation.ConfigurationClassPostProcessor.importAwareProcessor'
2016-03-20 22:27:13 [main:1722] - [DEBUG] Returning cached instance of singleton bean 'org.springframework.context.annotation.ConfigurationClassPostProcessor.enhancedConfigurationProcessor'
2016-03-20 22:27:13 [main:1724] - [DEBUG] Returning cached instance of singleton bean 'userMapper'
2016-03-20 22:27:13 [main:1728] - [DEBUG] Unable to locate LifecycleProcessor with name 'lifecycleProcessor': using default [org.springframework.context.support.DefaultLifecycleProcessor@565b064f]
2016-03-20 22:27:13 [main:1728] - [DEBUG] Returning cached instance of singleton bean 'lifecycleProcessor'
2016-03-20 22:27:13 [main:1732] - [DEBUG] Returning cached instance of singleton bean 'sqlSessionFactory'
2016-03-20 22:27:13 [main:1735] - [DEBUG] Searching for key 'spring.liveBeansView.mbeanDomain' in [systemProperties]
2016-03-20 22:27:13 [main:1735] - [DEBUG] Searching for key 'spring.liveBeansView.mbeanDomain' in [systemEnvironment]
2016-03-20 22:27:13 [main:1736] - [DEBUG] Could not find key 'spring.liveBeansView.mbeanDomain' in any property source. Returning [null]
2016-03-20 22:27:13 [main:1738] - [DEBUG] Storing ApplicationContext in cache under key [[MergedContextConfiguration@6b53e23f testClass = TestMyBatis, locations = '{classpath:spring-mybatis.xml}', classes = '{}', contextInitializerClasses = '[]', activeProfiles = '{}', contextLoader = 'org.springframework.test.context.support.DelegatingSmartContextLoader', parent = [null]]].
2016-03-20 22:27:13 [main:1747] - [DEBUG] Processing injected method of bean 'org.test.TestMyBatis': ResourceElement for private com.cn.test.service.IUserService org.test.TestMyBatis.userService
2016-03-20 22:27:13 [main:1747] - [DEBUG] Returning cached instance of singleton bean 'userService'
2016-03-20 22:27:13 [main:1759] - [DEBUG] Creating a new SqlSession
2016-03-20 22:27:13 [main:1765] - [DEBUG] SqlSession [org.apache.ibatis.session.defaults.DefaultSqlSession@306851c7] was not registered for synchronization because synchronization is not active
2016-03-20 22:27:13 [main:1794] - [DEBUG] Fetching JDBC Connection from DataSource
2016-03-20 22:27:13 [main:2116] - [DEBUG] JDBC Connection [jdbc:mysql://127.0.0.1:3306/myown?characterEncoding=utf-8, UserName=orange@localhost, MySQL Connector Java] will not be managed by Spring
2016-03-20 22:27:13 [main:2130] - [DEBUG] ==>  Preparing: select USERID, USERNAME, LOGINID, PASSWORD, TEL, MOBILTEL, PROVINCEID, CITYID, ADDRESS,ZIPCODE, SEX, IDENTITYID, IDENTITYTYPE, EMAIL, REGISTTIME, LASTEDITTIME, UNITID, USERTYPE, MCHNITID, POINT, STATUS, QUESTION, ANSWER, DEPARTID, QIANBAOMONEY from SYSUSERSTB where USERID = ? 
2016-03-20 22:27:13 [main:2172] - [DEBUG] ==> Parameters: 1(String)
2016-03-20 22:27:13 [main:2182] - [DEBUG] Closing non transactional SqlSession [org.apache.ibatis.session.defaults.DefaultSqlSession@306851c7]
2016-03-20 22:27:13 [main:2183] - [DEBUG] Returning JDBC Connection to DataSource
2016-03-20 22:27:13 [main:2193] - [DEBUG] Adding [systemProperties] PropertySource with lowest search precedence
2016-03-20 22:27:13 [main:2193] - [DEBUG] Adding [systemEnvironment] PropertySource with lowest search precedence
2016-03-20 22:27:13 [main:2194] - [DEBUG] Initialized StandardEnvironment with PropertySources [systemProperties,systemEnvironment]
2016-03-20 22:27:13 [main:2194] - [INFO] Loading XML bean definitions from class path resource [org/springframework/jdbc/support/sql-error-codes.xml]
2016-03-20 22:27:13 [main:2196] - [DEBUG] Using JAXP provider [com.sun.org.apache.xerces.internal.jaxp.DocumentBuilderFactoryImpl]
2016-03-20 22:27:13 [main:2197] - [DEBUG] Found beans DTD [http://www.springframework.org/dtd/spring-beans-2.0.dtd] in classpath: spring-beans-2.0.dtd
2016-03-20 22:27:13 [main:2207] - [DEBUG] Loading bean definitions
2016-03-20 22:27:13 [main:2216] - [DEBUG] Creating shared instance of singleton bean 'DB2'
2016-03-20 22:27:13 [main:2217] - [DEBUG] Creating instance of bean 'DB2'
2016-03-20 22:27:13 [main:2217] - [DEBUG] Eagerly caching bean 'DB2' to allow for resolving potential circular references
2016-03-20 22:27:13 [main:2223] - [DEBUG] Finished creating instance of bean 'DB2'
2016-03-20 22:27:13 [main:2223] - [DEBUG] Creating shared instance of singleton bean 'Derby'
2016-03-20 22:27:13 [main:2224] - [DEBUG] Creating instance of bean 'Derby'
2016-03-20 22:27:13 [main:2224] - [DEBUG] Eagerly caching bean 'Derby' to allow for resolving potential circular references
2016-03-20 22:27:13 [main:2225] - [DEBUG] Finished creating instance of bean 'Derby'
2016-03-20 22:27:13 [main:2225] - [DEBUG] Creating shared instance of singleton bean 'H2'
2016-03-20 22:27:13 [main:2226] - [DEBUG] Creating instance of bean 'H2'
2016-03-20 22:27:13 [main:2226] - [DEBUG] Eagerly caching bean 'H2' to allow for resolving potential circular references
2016-03-20 22:27:13 [main:2227] - [DEBUG] Finished creating instance of bean 'H2'
2016-03-20 22:27:13 [main:2228] - [DEBUG] Creating shared instance of singleton bean 'HSQL'
2016-03-20 22:27:13 [main:2228] - [DEBUG] Creating instance of bean 'HSQL'
2016-03-20 22:27:13 [main:2229] - [DEBUG] Eagerly caching bean 'HSQL' to allow for resolving potential circular references
2016-03-20 22:27:13 [main:2229] - [DEBUG] Finished creating instance of bean 'HSQL'
2016-03-20 22:27:13 [main:2230] - [DEBUG] Creating shared instance of singleton bean 'Informix'
2016-03-20 22:27:13 [main:2230] - [DEBUG] Creating instance of bean 'Informix'
2016-03-20 22:27:13 [main:2230] - [DEBUG] Eagerly caching bean 'Informix' to allow for resolving potential circular references
2016-03-20 22:27:13 [main:2231] - [DEBUG] Finished creating instance of bean 'Informix'
2016-03-20 22:27:13 [main:2231] - [DEBUG] Creating shared instance of singleton bean 'MS-SQL'
2016-03-20 22:27:13 [main:2231] - [DEBUG] Creating instance of bean 'MS-SQL'
2016-03-20 22:27:13 [main:2232] - [DEBUG] Eagerly caching bean 'MS-SQL' to allow for resolving potential circular references
2016-03-20 22:27:13 [main:2238] - [DEBUG] Finished creating instance of bean 'MS-SQL'
2016-03-20 22:27:13 [main:2240] - [DEBUG] Creating shared instance of singleton bean 'MySQL'
2016-03-20 22:27:13 [main:2241] - [DEBUG] Creating instance of bean 'MySQL'
2016-03-20 22:27:13 [main:2241] - [DEBUG] Eagerly caching bean 'MySQL' to allow for resolving potential circular references
2016-03-20 22:27:13 [main:2246] - [DEBUG] Finished creating instance of bean 'MySQL'
2016-03-20 22:27:13 [main:2248] - [DEBUG] Creating shared instance of singleton bean 'Oracle'
2016-03-20 22:27:13 [main:2248] - [DEBUG] Creating instance of bean 'Oracle'
2016-03-20 22:27:13 [main:2249] - [DEBUG] Eagerly caching bean 'Oracle' to allow for resolving potential circular references
2016-03-20 22:27:13 [main:2255] - [DEBUG] Finished creating instance of bean 'Oracle'
2016-03-20 22:27:13 [main:2256] - [DEBUG] Creating shared instance of singleton bean 'PostgreSQL'
2016-03-20 22:27:13 [main:2256] - [DEBUG] Creating instance of bean 'PostgreSQL'
2016-03-20 22:27:13 [main:2257] - [DEBUG] Eagerly caching bean 'PostgreSQL' to allow for resolving potential circular references
2016-03-20 22:27:13 [main:2261] - [DEBUG] Finished creating instance of bean 'PostgreSQL'
2016-03-20 22:27:13 [main:2262] - [DEBUG] Creating shared instance of singleton bean 'Sybase'
2016-03-20 22:27:13 [main:2262] - [DEBUG] Creating instance of bean 'Sybase'
2016-03-20 22:27:13 [main:2263] - [DEBUG] Eagerly caching bean 'Sybase' to allow for resolving potential circular references
2016-03-20 22:27:13 [main:2266] - [DEBUG] Finished creating instance of bean 'Sybase'
2016-03-20 22:27:13 [main:2266] - [INFO] SQLErrorCodes loaded: [DB2, Derby, H2, HSQL, Informix, MS-SQL, MySQL, Oracle, PostgreSQL, Sybase]
2016-03-20 22:27:13 [main:2267] - [DEBUG] Looking up default SQLErrorCodes for DataSource [org.apache.commons.dbcp.BasicDataSource@10c8f62]
2016-03-20 22:27:13 [main:2271] - [DEBUG] Fetching JDBC Connection from DataSource
2016-03-20 22:27:13 [main:2272] - [DEBUG] Returning JDBC Connection to DataSource
2016-03-20 22:27:13 [main:2273] - [DEBUG] Database product name cached for DataSource [org.apache.commons.dbcp.BasicDataSource@10c8f62]: name is 'MySQL'
2016-03-20 22:27:13 [main:2274] - [DEBUG] SQL error codes for 'MySQL' found
2016-03-20 22:27:13 [main:2274] - [DEBUG] Translating SQLException with SQL state '42S02', error code '1146', message [Table 'myown.sysuserstb' doesn't exist]; SQL was [] for task [
### Error querying database.  Cause: com.mysql.jdbc.exceptions.jdbc4.MySQLSyntaxErrorException: Table 'myown.sysuserstb' doesn't exist
### The error may exist in file [D:\AboutJava\eclipse_workspace\mybatismvc\target\classes\com\cn\test\mapping\UserMapper.xml]
### The error may involve com.cn.test.dao.UserMapper.selectByPrimaryKey-Inline
### The error occurred while setting parameters
### SQL: select            USERID, USERNAME, LOGINID, PASSWORD, TEL, MOBILTEL, PROVINCEID, CITYID, ADDRESS,ZIPCODE,     SEX, IDENTITYID, IDENTITYTYPE, EMAIL, REGISTTIME, LASTEDITTIME, UNITID,      USERTYPE, MCHNITID, POINT, STATUS, QUESTION, ANSWER, DEPARTID, QIANBAOMONEY         from SYSUSERSTB     where USERID = ?
### Cause: com.mysql.jdbc.exceptions.jdbc4.MySQLSyntaxErrorException: Table 'myown.sysuserstb' doesn't exist
]
2016-03-20 22:27:13 [main:2276] - [DEBUG] After test method: context [DefaultTestContext@255b53dc testClass = TestMyBatis, testInstance = org.test.TestMyBatis@1dd92fe2, testMethod = test1@TestMyBatis, testException = org.springframework.jdbc.BadSqlGrammarException: 
### Error querying database.  Cause: com.mysql.jdbc.exceptions.jdbc4.MySQLSyntaxErrorException: Table 'myown.sysuserstb' doesn't exist
### The error may exist in file [D:\AboutJava\eclipse_workspace\mybatismvc\target\classes\com\cn\test\mapping\UserMapper.xml]
### The error may involve com.cn.test.dao.UserMapper.selectByPrimaryKey-Inline
### The error occurred while setting parameters
### SQL: select            USERID, USERNAME, LOGINID, PASSWORD, TEL, MOBILTEL, PROVINCEID, CITYID, ADDRESS,ZIPCODE,     SEX, IDENTITYID, IDENTITYTYPE, EMAIL, REGISTTIME, LASTEDITTIME, UNITID,      USERTYPE, MCHNITID, POINT, STATUS, QUESTION, ANSWER, DEPARTID, QIANBAOMONEY         from SYSUSERSTB     where USERID = ?
### Cause: com.mysql.jdbc.exceptions.jdbc4.MySQLSyntaxErrorException: Table 'myown.sysuserstb' doesn't exist
; bad SQL grammar []; nested exception is com.mysql.jdbc.exceptions.jdbc4.MySQLSyntaxErrorException: Table 'myown.sysuserstb' doesn't exist, mergedContextConfiguration = [MergedContextConfiguration@6b53e23f testClass = TestMyBatis, locations = '{classpath:spring-mybatis.xml}', classes = '{}', contextInitializerClasses = '[]', activeProfiles = '{}', contextLoader = 'org.springframework.test.context.support.DelegatingSmartContextLoader', parent = [null]]], class dirties context [false], class mode [null], method dirties context [false].
2016-03-20 22:27:13 [main:2288] - [DEBUG] After test class: context [DefaultTestContext@255b53dc testClass = TestMyBatis, testInstance = [null], testMethod = [null], testException = [null], mergedContextConfiguration = [MergedContextConfiguration@6b53e23f testClass = TestMyBatis, locations = '{classpath:spring-mybatis.xml}', classes = '{}', contextInitializerClasses = '[]', activeProfiles = '{}', contextLoader = 'org.springframework.test.context.support.DelegatingSmartContextLoader', parent = [null]]], dirtiesContext [false].
2016-03-20 22:27:13 [Thread-0:2293] - [INFO] Closing org.springframework.context.support.GenericApplicationContext@3ec300f1: startup date [Sun Mar 20 22:27:12 CST 2016]; root of context hierarchy
2016-03-20 22:27:13 [Thread-0:2294] - [DEBUG] Returning cached instance of singleton bean 'sqlSessionFactory'
2016-03-20 22:27:13 [Thread-0:2295] - [DEBUG] Returning cached instance of singleton bean 'lifecycleProcessor'
2016-03-20 22:27:13 [Thread-0:2295] - [DEBUG] Destroying singletons in org.springframework.beans.factory.support.DefaultListableBeanFactory@1e6a3214: defining beans [userController,userService,org.springframework.context.annotation.internalConfigurationAnnotationProcessor,org.springframework.context.annotation.internalAutowiredAnnotationProcessor,org.springframework.context.annotation.internalRequiredAnnotationProcessor,org.springframework.context.annotation.internalCommonAnnotationProcessor,propertyConfigurer,dataSource,sqlSessionFactory,org.mybatis.spring.mapper.MapperScannerConfigurer#0,transactionManager,org.springframework.context.annotation.ConfigurationClassPostProcessor.importAwareProcessor,org.springframework.context.annotation.ConfigurationClassPostProcessor.enhancedConfigurationProcessor,userMapper]; root of factory hierarchy
2016-03-20 22:27:13 [Thread-0:2296] - [DEBUG] Retrieved dependent beans for bean 'userService': [org.test.TestMyBatis]
2016-03-20 22:27:13 [Thread-0:2296] - [DEBUG] Invoking destroy method 'close' on bean with name 'dataSource'
